\BOOKMARK [0][-]{chapter.1}{Verwandte Arbeiten}{}% 1
\BOOKMARK [1][-]{section.1.1}{Ein Abschnitt}{chapter.1}% 2
\BOOKMARK [0][-]{chapter.2}{Grundlagen}{}% 3
\BOOKMARK [1][-]{section.2.1}{MRT}{chapter.2}% 4
\BOOKMARK [1][-]{section.2.2}{MRT und Schlaganf\344lle}{chapter.2}% 5
\BOOKMARK [1][-]{section.2.3}{Volume Rendering}{chapter.2}% 6
\BOOKMARK [0][-]{chapter.3}{Anforderungsanalyse}{}% 7
\BOOKMARK [1][-]{section.3.1}{Interviews}{chapter.3}% 8
\BOOKMARK [0][-]{chapter.4}{Konzept}{}% 9
\BOOKMARK [1][-]{section.4.1}{3D Darstellung}{chapter.4}% 10
\BOOKMARK [1][-]{section.4.2}{Darstellung des gekennzeichneten Bereichs}{chapter.4}% 11
\BOOKMARK [1][-]{section.4.3}{Unterst\374tzung von Dateiformaten}{chapter.4}% 12
\BOOKMARK [1][-]{section.4.4}{Interaktion}{chapter.4}% 13
\BOOKMARK [1][-]{section.4.5}{Endger\344t}{chapter.4}% 14
\BOOKMARK [0][-]{chapter.5}{Implementierung}{}% 15
\BOOKMARK [1][-]{section.5.1}{mARt in Unity}{chapter.5}% 16
\BOOKMARK [2][-]{subsection.5.1.1}{2D Szenario}{section.5.1}% 17
\BOOKMARK [2][-]{subsection.5.1.2}{3D Szenario}{section.5.1}% 18
\BOOKMARK [2][-]{subsection.5.1.3}{Interaktion}{section.5.1}% 19
\BOOKMARK [1][-]{section.5.2}{Volume Rendering}{chapter.5}% 20
\BOOKMARK [2][-]{subsection.5.2.1}{Ray Casting}{section.5.2}% 21
\BOOKMARK [2][-]{subsection.5.2.2}{Transferfunktion}{section.5.2}% 22
\BOOKMARK [2][-]{subsection.5.2.3}{Illumination}{section.5.2}% 23
\BOOKMARK [0][-]{chapter.6}{Evaluation}{}% 24
\BOOKMARK [1][-]{section.6.1}{Ein Abschnitt}{chapter.6}% 25
\BOOKMARK [0][-]{chapter.7}{Fazit}{}% 26
\BOOKMARK [1][-]{section.7.1}{Ein Abschnitt}{chapter.7}% 27
